<?xml version="1.0" encoding="UTF-8"?>
<testng-results ignored="0" total="49" passed="46" failed="3" skipped="0">
  <reporter-output>
  </reporter-output>
  <suite started-at="2023-07-27T14:25:06 GMT-04:00" name="Default suite" finished-at="2023-07-27T14:25:51 GMT-04:00" duration-ms="45642">
    <groups>
      <group name="cucumber">
        <method signature="AbstractTestNGCucumberTests.runScenario(io.cucumber.testng.PickleWrapper,io.cucumber.testng.FeatureWrapper)[pri:0, instance:TestRunner.runner@7d3e8655]" name="runScenario" class="io.cucumber.testng.AbstractTestNGCucumberTests"/>
      </group> <!-- cucumber -->
    </groups>
    <test started-at="2023-07-27T14:25:06 GMT-04:00" name="Default test" finished-at="2023-07-27T14:25:51 GMT-04:00" duration-ms="45642">
      <class name="TestRunner.runner">
        <test-method is-config="true" signature="setUpClass(org.testng.ITestContext)[pri:0, instance:TestRunner.runner@7d3e8655]" started-at="2023-07-27T14:25:06 GMT-04:00" name="setUpClass" finished-at="2023-07-27T14:25:08 GMT-04:00" duration-ms="2336" status="PASS">
          <params>
            <param index="0">
              <value>
                <![CDATA[org.testng.TestRunner@1784fcab]]>
              </value>
            </param>
          </params>
          <reporter-output>
          </reporter-output>
        </test-method> <!-- setUpClass -->
        <test-method signature="runScenario(io.cucumber.testng.PickleWrapper,io.cucumber.testng.FeatureWrapper)[pri:0, instance:TestRunner.runner@7d3e8655]" started-at="2023-07-27T14:25:08 GMT-04:00" name="runScenario" description="Runs Cucumber Scenarios" data-provider="scenarios" finished-at="2023-07-27T14:25:20 GMT-04:00" duration-ms="11748" status="PASS">
          <params>
            <param index="0">
              <value>
                <![CDATA[""]]>
              </value>
            </param>
            <param index="1">
              <value>
                <![CDATA["Test LMS Apis program module with rest assured library and cucumber framework"]]>
              </value>
            </param>
          </params>
          <reporter-output>
          </reporter-output>
        </test-method> <!-- runScenario -->
        <test-method signature="runScenario(io.cucumber.testng.PickleWrapper,io.cucumber.testng.FeatureWrapper)[pri:0, instance:TestRunner.runner@7d3e8655]" started-at="2023-07-27T14:25:20 GMT-04:00" name="runScenario" description="Runs Cucumber Scenarios" data-provider="scenarios" finished-at="2023-07-27T14:25:22 GMT-04:00" duration-ms="2281" status="PASS">
          <params>
            <param index="0">
              <value>
                <![CDATA["validating User able to retrieve all programs with valid endpoint"]]>
              </value>
            </param>
            <param index="1">
              <value>
                <![CDATA["Test LMS Apis program module with rest assured library and cucumber framework"]]>
              </value>
            </param>
          </params>
          <reporter-output>
          </reporter-output>
        </test-method> <!-- runScenario -->
        <test-method signature="runScenario(io.cucumber.testng.PickleWrapper,io.cucumber.testng.FeatureWrapper)[pri:0, instance:TestRunner.runner@7d3e8655]" started-at="2023-07-27T14:25:22 GMT-04:00" name="runScenario" description="Runs Cucumber Scenarios" data-provider="scenarios" finished-at="2023-07-27T14:25:23 GMT-04:00" duration-ms="506" status="PASS">
          <params>
            <param index="0">
              <value>
                <![CDATA["validating User able to retrieve program with valid programID"]]>
              </value>
            </param>
            <param index="1">
              <value>
                <![CDATA["Test LMS Apis program module with rest assured library and cucumber framework"]]>
              </value>
            </param>
          </params>
          <reporter-output>
          </reporter-output>
        </test-method> <!-- runScenario -->
        <test-method signature="runScenario(io.cucumber.testng.PickleWrapper,io.cucumber.testng.FeatureWrapper)[pri:0, instance:TestRunner.runner@7d3e8655]" started-at="2023-07-27T14:25:23 GMT-04:00" name="runScenario" description="Runs Cucumber Scenarios" data-provider="scenarios" finished-at="2023-07-27T14:25:23 GMT-04:00" duration-ms="439" status="PASS">
          <params>
            <param index="0">
              <value>
                <![CDATA["validating user able to update a program with valid programID and Payload"]]>
              </value>
            </param>
            <param index="1">
              <value>
                <![CDATA["Test LMS Apis program module with rest assured library and cucumber framework"]]>
              </value>
            </param>
          </params>
          <reporter-output>
          </reporter-output>
        </test-method> <!-- runScenario -->
        <test-method signature="runScenario(io.cucumber.testng.PickleWrapper,io.cucumber.testng.FeatureWrapper)[pri:0, instance:TestRunner.runner@7d3e8655]" started-at="2023-07-27T14:25:23 GMT-04:00" name="runScenario" description="Runs Cucumber Scenarios" data-provider="scenarios" finished-at="2023-07-27T14:25:24 GMT-04:00" duration-ms="525" status="PASS">
          <params>
            <param index="0">
              <value>
                <![CDATA["validating user able to update a program with valid programName and Payload"]]>
              </value>
            </param>
            <param index="1">
              <value>
                <![CDATA["Test LMS Apis program module with rest assured library and cucumber framework"]]>
              </value>
            </param>
          </params>
          <reporter-output>
          </reporter-output>
        </test-method> <!-- runScenario -->
        <test-method signature="runScenario(io.cucumber.testng.PickleWrapper,io.cucumber.testng.FeatureWrapper)[pri:0, instance:TestRunner.runner@7d3e8655]" started-at="2023-07-27T14:25:24 GMT-04:00" name="runScenario" description="Runs Cucumber Scenarios" data-provider="scenarios" finished-at="2023-07-27T14:25:24 GMT-04:00" duration-ms="422" status="PASS">
          <params>
            <param index="0">
              <value>
                <![CDATA[""]]>
              </value>
            </param>
            <param index="1">
              <value>
                <![CDATA["Test LMS Apis batch module with rest assured library and cucumber framework"]]>
              </value>
            </param>
          </params>
          <reporter-output>
          </reporter-output>
        </test-method> <!-- runScenario -->
        <test-method signature="runScenario(io.cucumber.testng.PickleWrapper,io.cucumber.testng.FeatureWrapper)[pri:0, instance:TestRunner.runner@7d3e8655]" started-at="2023-07-27T14:25:24 GMT-04:00" name="runScenario" description="Runs Cucumber Scenarios" data-provider="scenarios" finished-at="2023-07-27T14:25:26 GMT-04:00" duration-ms="1749" status="PASS">
          <params>
            <param index="0">
              <value>
                <![CDATA[""]]>
              </value>
            </param>
            <param index="1">
              <value>
                <![CDATA["Test LMS Apis batch module with rest assured library and cucumber framework"]]>
              </value>
            </param>
          </params>
          <reporter-output>
          </reporter-output>
        </test-method> <!-- runScenario -->
        <test-method signature="runScenario(io.cucumber.testng.PickleWrapper,io.cucumber.testng.FeatureWrapper)[pri:0, instance:TestRunner.runner@7d3e8655]" started-at="2023-07-27T14:25:26 GMT-04:00" name="runScenario" description="Runs Cucumber Scenarios" data-provider="scenarios" finished-at="2023-07-27T14:25:26 GMT-04:00" duration-ms="477" status="PASS">
          <params>
            <param index="0">
              <value>
                <![CDATA["User tries to update a user with valid User ID and request body"]]>
              </value>
            </param>
            <param index="1">
              <value>
                <![CDATA["Test LMS Apis batch module with rest assured library and cucumber framework"]]>
              </value>
            </param>
          </params>
          <reporter-output>
          </reporter-output>
        </test-method> <!-- runScenario -->
        <test-method signature="runScenario(io.cucumber.testng.PickleWrapper,io.cucumber.testng.FeatureWrapper)[pri:0, instance:TestRunner.runner@7d3e8655]" started-at="2023-07-27T14:25:26 GMT-04:00" name="runScenario" description="Runs Cucumber Scenarios" data-provider="scenarios" finished-at="2023-07-27T14:25:27 GMT-04:00" duration-ms="728" status="PASS">
          <params>
            <param index="0">
              <value>
                <![CDATA["User tries to get User info by ID"]]>
              </value>
            </param>
            <param index="1">
              <value>
                <![CDATA["Test LMS Apis batch module with rest assured library and cucumber framework"]]>
              </value>
            </param>
          </params>
          <reporter-output>
          </reporter-output>
        </test-method> <!-- runScenario -->
        <test-method signature="runScenario(io.cucumber.testng.PickleWrapper,io.cucumber.testng.FeatureWrapper)[pri:0, instance:TestRunner.runner@7d3e8655]" started-at="2023-07-27T14:25:27 GMT-04:00" name="runScenario" description="Runs Cucumber Scenarios" data-provider="scenarios" finished-at="2023-07-27T14:25:27 GMT-04:00" duration-ms="415" status="PASS">
          <params>
            <param index="0">
              <value>
                <![CDATA[""]]>
              </value>
            </param>
            <param index="1">
              <value>
                <![CDATA["Test LMS Apis batch module with rest assured library and cucumber framework"]]>
              </value>
            </param>
          </params>
          <reporter-output>
          </reporter-output>
        </test-method> <!-- runScenario -->
        <test-method signature="runScenario(io.cucumber.testng.PickleWrapper,io.cucumber.testng.FeatureWrapper)[pri:0, instance:TestRunner.runner@7d3e8655]" started-at="2023-07-27T14:25:27 GMT-04:00" name="runScenario" description="Runs Cucumber Scenarios" data-provider="scenarios" finished-at="2023-07-27T14:25:30 GMT-04:00" duration-ms="2819" status="PASS">
          <params>
            <param index="0">
              <value>
                <![CDATA["validating User able to retrieve all Assignment with valid endpoint"]]>
              </value>
            </param>
            <param index="1">
              <value>
                <![CDATA["Test LMS Apis batch module with rest assured library and cucumber framework"]]>
              </value>
            </param>
          </params>
          <reporter-output>
          </reporter-output>
        </test-method> <!-- runScenario -->
        <test-method signature="runScenario(io.cucumber.testng.PickleWrapper,io.cucumber.testng.FeatureWrapper)[pri:0, instance:TestRunner.runner@7d3e8655]" started-at="2023-07-27T14:25:30 GMT-04:00" name="runScenario" description="Runs Cucumber Scenarios" data-provider="scenarios" finished-at="2023-07-27T14:25:31 GMT-04:00" duration-ms="384" status="PASS">
          <params>
            <param index="0">
              <value>
                <![CDATA["validating User able to retrieve Assignment by id with valid endpoint"]]>
              </value>
            </param>
            <param index="1">
              <value>
                <![CDATA["Test LMS Apis batch module with rest assured library and cucumber framework"]]>
              </value>
            </param>
          </params>
          <reporter-output>
          </reporter-output>
        </test-method> <!-- runScenario -->
        <test-method signature="runScenario(io.cucumber.testng.PickleWrapper,io.cucumber.testng.FeatureWrapper)[pri:0, instance:TestRunner.runner@7d3e8655]" started-at="2023-07-27T14:25:31 GMT-04:00" name="runScenario" description="Runs Cucumber Scenarios" data-provider="scenarios" finished-at="2023-07-27T14:25:31 GMT-04:00" duration-ms="441" status="PASS">
          <params>
            <param index="0">
              <value>
                <![CDATA["validating User able to retrieve Assignment by batch with valid endpoint"]]>
              </value>
            </param>
            <param index="1">
              <value>
                <![CDATA["Test LMS Apis batch module with rest assured library and cucumber framework"]]>
              </value>
            </param>
          </params>
          <reporter-output>
          </reporter-output>
        </test-method> <!-- runScenario -->
        <test-method signature="runScenario(io.cucumber.testng.PickleWrapper,io.cucumber.testng.FeatureWrapper)[pri:0, instance:TestRunner.runner@7d3e8655]" started-at="2023-07-27T14:25:31 GMT-04:00" name="runScenario" description="Runs Cucumber Scenarios" data-provider="scenarios" finished-at="2023-07-27T14:25:31 GMT-04:00" duration-ms="397" status="PASS">
          <params>
            <param index="0">
              <value>
                <![CDATA["Assignment"]]>
              </value>
            </param>
            <param index="1">
              <value>
                <![CDATA["Test LMS Apis batch module with rest assured library and cucumber framework"]]>
              </value>
            </param>
          </params>
          <reporter-output>
          </reporter-output>
        </test-method> <!-- runScenario -->
        <test-method signature="runScenario(io.cucumber.testng.PickleWrapper,io.cucumber.testng.FeatureWrapper)[pri:0, instance:TestRunner.runner@7d3e8655]" started-at="2023-07-27T14:25:31 GMT-04:00" name="runScenario" description="Runs Cucumber Scenarios" data-provider="scenarios" finished-at="2023-07-27T14:25:32 GMT-04:00" duration-ms="652" status="PASS">
          <params>
            <param index="0">
              <value>
                <![CDATA[""]]>
              </value>
            </param>
            <param index="1">
              <value>
                <![CDATA["Test LMS Apis batch module with rest assured library and cucumber framework"]]>
              </value>
            </param>
          </params>
          <reporter-output>
          </reporter-output>
        </test-method> <!-- runScenario -->
        <test-method signature="runScenario(io.cucumber.testng.PickleWrapper,io.cucumber.testng.FeatureWrapper)[pri:0, instance:TestRunner.runner@7d3e8655]" started-at="2023-07-27T14:25:32 GMT-04:00" name="runScenario" description="Runs Cucumber Scenarios" data-provider="scenarios" finished-at="2023-07-27T14:25:33 GMT-04:00" duration-ms="526" status="PASS">
          <params>
            <param index="0">
              <value>
                <![CDATA["validating User able to retrieve Assignment by Invalidid with valid endpoint"]]>
              </value>
            </param>
            <param index="1">
              <value>
                <![CDATA["Test LMS Apis batch module with rest assured library and cucumber framework"]]>
              </value>
            </param>
          </params>
          <reporter-output>
          </reporter-output>
        </test-method> <!-- runScenario -->
        <test-method signature="runScenario(io.cucumber.testng.PickleWrapper,io.cucumber.testng.FeatureWrapper)[pri:0, instance:TestRunner.runner@7d3e8655]" started-at="2023-07-27T14:25:33 GMT-04:00" name="runScenario" description="Runs Cucumber Scenarios" data-provider="scenarios" finished-at="2023-07-27T14:25:33 GMT-04:00" duration-ms="410" status="PASS">
          <params>
            <param index="0">
              <value>
                <![CDATA["validating User able to retrieve Assignment by Invalidbatch with valid endpoint"]]>
              </value>
            </param>
            <param index="1">
              <value>
                <![CDATA["Test LMS Apis batch module with rest assured library and cucumber framework"]]>
              </value>
            </param>
          </params>
          <reporter-output>
          </reporter-output>
        </test-method> <!-- runScenario -->
        <test-method signature="runScenario(io.cucumber.testng.PickleWrapper,io.cucumber.testng.FeatureWrapper)[pri:0, instance:TestRunner.runner@7d3e8655]" started-at="2023-07-27T14:25:33 GMT-04:00" name="runScenario" description="Runs Cucumber Scenarios" data-provider="scenarios" finished-at="2023-07-27T14:25:34 GMT-04:00" duration-ms="474" status="PASS">
          <params>
            <param index="0">
              <value>
                <![CDATA["Assignment"]]>
              </value>
            </param>
            <param index="1">
              <value>
                <![CDATA["Test LMS Apis batch module with rest assured library and cucumber framework"]]>
              </value>
            </param>
          </params>
          <reporter-output>
          </reporter-output>
        </test-method> <!-- runScenario -->
        <test-method signature="runScenario(io.cucumber.testng.PickleWrapper,io.cucumber.testng.FeatureWrapper)[pri:0, instance:TestRunner.runner@7d3e8655]" started-at="2023-07-27T14:25:34 GMT-04:00" name="runScenario" description="Runs Cucumber Scenarios" data-provider="scenarios" finished-at="2023-07-27T14:25:34 GMT-04:00" duration-ms="572" status="PASS">
          <params>
            <param index="0">
              <value>
                <![CDATA[""]]>
              </value>
            </param>
            <param index="1">
              <value>
                <![CDATA["Test LMS Apis batch module with rest assured library and cucumber framework"]]>
              </value>
            </param>
          </params>
          <reporter-output>
          </reporter-output>
        </test-method> <!-- runScenario -->
        <test-method signature="runScenario(io.cucumber.testng.PickleWrapper,io.cucumber.testng.FeatureWrapper)[pri:0, instance:TestRunner.runner@7d3e8655]" started-at="2023-07-27T14:25:34 GMT-04:00" name="runScenario" description="Runs Cucumber Scenarios" data-provider="scenarios" finished-at="2023-07-27T14:25:36 GMT-04:00" duration-ms="1393" status="PASS">
          <params>
            <param index="0">
              <value>
                <![CDATA["validating User able to retrieve all AssignmentSubmission with valid endpoint"]]>
              </value>
            </param>
            <param index="1">
              <value>
                <![CDATA["Test LMS Apis batch module with rest assured library and cucumber framework"]]>
              </value>
            </param>
          </params>
          <reporter-output>
          </reporter-output>
        </test-method> <!-- runScenario -->
        <test-method signature="runScenario(io.cucumber.testng.PickleWrapper,io.cucumber.testng.FeatureWrapper)[pri:0, instance:TestRunner.runner@7d3e8655]" started-at="2023-07-27T14:25:36 GMT-04:00" name="runScenario" description="Runs Cucumber Scenarios" data-provider="scenarios" finished-at="2023-07-27T14:25:36 GMT-04:00" duration-ms="209" status="PASS">
          <params>
            <param index="0">
              <value>
                <![CDATA["validating User able to retrieve AssignmentSubmission by StudenID with valid endpoint"]]>
              </value>
            </param>
            <param index="1">
              <value>
                <![CDATA["Test LMS Apis batch module with rest assured library and cucumber framework"]]>
              </value>
            </param>
          </params>
          <reporter-output>
          </reporter-output>
        </test-method> <!-- runScenario -->
        <test-method signature="runScenario(io.cucumber.testng.PickleWrapper,io.cucumber.testng.FeatureWrapper)[pri:0, instance:TestRunner.runner@7d3e8655]" started-at="2023-07-27T14:25:36 GMT-04:00" name="runScenario" description="Runs Cucumber Scenarios" data-provider="scenarios" finished-at="2023-07-27T14:25:37 GMT-04:00" duration-ms="807" status="PASS">
          <params>
            <param index="0">
              <value>
                <![CDATA["validating User able to retrieve all AssignmentSubmission with valid endpoint"]]>
              </value>
            </param>
            <param index="1">
              <value>
                <![CDATA["Test LMS Apis batch module with rest assured library and cucumber framework"]]>
              </value>
            </param>
          </params>
          <reporter-output>
          </reporter-output>
        </test-method> <!-- runScenario -->
        <test-method signature="runScenario(io.cucumber.testng.PickleWrapper,io.cucumber.testng.FeatureWrapper)[pri:0, instance:TestRunner.runner@7d3e8655]" started-at="2023-07-27T14:25:37 GMT-04:00" name="runScenario" description="Runs Cucumber Scenarios" data-provider="scenarios" finished-at="2023-07-27T14:25:37 GMT-04:00" duration-ms="290" status="PASS">
          <params>
            <param index="0">
              <value>
                <![CDATA["validating User able to retrieve AssignmentSubmission by BatchID with valid endpoint"]]>
              </value>
            </param>
            <param index="1">
              <value>
                <![CDATA["Test LMS Apis batch module with rest assured library and cucumber framework"]]>
              </value>
            </param>
          </params>
          <reporter-output>
          </reporter-output>
        </test-method> <!-- runScenario -->
        <test-method signature="runScenario(io.cucumber.testng.PickleWrapper,io.cucumber.testng.FeatureWrapper)[pri:0, instance:TestRunner.runner@7d3e8655]" started-at="2023-07-27T14:25:37 GMT-04:00" name="runScenario" description="Runs Cucumber Scenarios" data-provider="scenarios" finished-at="2023-07-27T14:25:37 GMT-04:00" duration-ms="250" status="PASS">
          <params>
            <param index="0">
              <value>
                <![CDATA["validating User able to retrieve AssignmentSubmission byID with valid endpoint"]]>
              </value>
            </param>
            <param index="1">
              <value>
                <![CDATA["Test LMS Apis batch module with rest assured library and cucumber framework"]]>
              </value>
            </param>
          </params>
          <reporter-output>
          </reporter-output>
        </test-method> <!-- runScenario -->
        <test-method signature="runScenario(io.cucumber.testng.PickleWrapper,io.cucumber.testng.FeatureWrapper)[pri:0, instance:TestRunner.runner@7d3e8655]" started-at="2023-07-27T14:25:37 GMT-04:00" name="runScenario" description="Runs Cucumber Scenarios" data-provider="scenarios" finished-at="2023-07-27T14:25:37 GMT-04:00" duration-ms="321" status="FAIL">
          <params>
            <param index="0">
              <value>
                <![CDATA["ResubmissionAssignment"]]>
              </value>
            </param>
            <param index="1">
              <value>
                <![CDATA["Test LMS Apis batch module with rest assured library and cucumber framework"]]>
              </value>
            </param>
          </params>
          <exception class="java.lang.AssertionError">
            <message>
              <![CDATA[expected [200] but found [400]]]>
            </message>
            <full-stacktrace>
              <![CDATA[java.lang.AssertionError: expected [200] but found [400]
at org.testng.Assert.fail(Assert.java:110)
at org.testng.Assert.failNotEquals(Assert.java:1577)
at org.testng.Assert.assertEqualsImpl(Assert.java:149)
at org.testng.Assert.assertEquals(Assert.java:131)
at org.testng.Assert.assertEquals(Assert.java:1418)
at org.testng.Assert.assertEquals(Assert.java:1448)
at stepDefinition.FAssignmentSubmission_SD.user_receives_created_status_with_response_body(FAssignmentSubmission_SD.java:140)
at ✽.User receives 200 Created Status with response body for assignmentSubmission(file:///C:/Users/Viru/Desktop/JavaPrograms/RestAssureApi/src/test/resources/featureFiles/05LMS_AssignmentSubmission.feature:47)
]]>
            </full-stacktrace>
          </exception> <!-- java.lang.AssertionError -->
          <reporter-output>
          </reporter-output>
        </test-method> <!-- runScenario -->
        <test-method signature="runScenario(io.cucumber.testng.PickleWrapper,io.cucumber.testng.FeatureWrapper)[pri:0, instance:TestRunner.runner@7d3e8655]" started-at="2023-07-27T14:25:37 GMT-04:00" name="runScenario" description="Runs Cucumber Scenarios" data-provider="scenarios" finished-at="2023-07-27T14:25:38 GMT-04:00" duration-ms="417" status="PASS">
          <params>
            <param index="0">
              <value>
                <![CDATA["Grade Assignment"]]>
              </value>
            </param>
            <param index="1">
              <value>
                <![CDATA["Test LMS Apis batch module with rest assured library and cucumber framework"]]>
              </value>
            </param>
          </params>
          <reporter-output>
          </reporter-output>
        </test-method> <!-- runScenario -->
        <test-method signature="runScenario(io.cucumber.testng.PickleWrapper,io.cucumber.testng.FeatureWrapper)[pri:0, instance:TestRunner.runner@7d3e8655]" started-at="2023-07-27T14:25:38 GMT-04:00" name="runScenario" description="Runs Cucumber Scenarios" data-provider="scenarios" finished-at="2023-07-27T14:25:38 GMT-04:00" duration-ms="237" status="PASS">
          <params>
            <param index="0">
              <value>
                <![CDATA["validating User able to retrieve AssignmentSubmission by GradeStudentID with valid endpoint"]]>
              </value>
            </param>
            <param index="1">
              <value>
                <![CDATA["Test LMS Apis batch module with rest assured library and cucumber framework"]]>
              </value>
            </param>
          </params>
          <reporter-output>
          </reporter-output>
        </test-method> <!-- runScenario -->
        <test-method signature="runScenario(io.cucumber.testng.PickleWrapper,io.cucumber.testng.FeatureWrapper)[pri:0, instance:TestRunner.runner@7d3e8655]" started-at="2023-07-27T14:25:38 GMT-04:00" name="runScenario" description="Runs Cucumber Scenarios" data-provider="scenarios" finished-at="2023-07-27T14:25:38 GMT-04:00" duration-ms="207" status="PASS">
          <params>
            <param index="0">
              <value>
                <![CDATA["validating User able to retrieve AssignmentSubmission by GradeBatchID with valid endpoint"]]>
              </value>
            </param>
            <param index="1">
              <value>
                <![CDATA["Test LMS Apis batch module with rest assured library and cucumber framework"]]>
              </value>
            </param>
          </params>
          <reporter-output>
          </reporter-output>
        </test-method> <!-- runScenario -->
        <test-method signature="runScenario(io.cucumber.testng.PickleWrapper,io.cucumber.testng.FeatureWrapper)[pri:0, instance:TestRunner.runner@7d3e8655]" started-at="2023-07-27T14:25:38 GMT-04:00" name="runScenario" description="Runs Cucumber Scenarios" data-provider="scenarios" finished-at="2023-07-27T14:25:39 GMT-04:00" duration-ms="330" status="PASS">
          <params>
            <param index="0">
              <value>
                <![CDATA["validating User able to retrieve AssignmentSubmission by StudenID with valid endpoint"]]>
              </value>
            </param>
            <param index="1">
              <value>
                <![CDATA["Test LMS Apis batch module with rest assured library and cucumber framework"]]>
              </value>
            </param>
          </params>
          <reporter-output>
          </reporter-output>
        </test-method> <!-- runScenario -->
        <test-method signature="runScenario(io.cucumber.testng.PickleWrapper,io.cucumber.testng.FeatureWrapper)[pri:0, instance:TestRunner.runner@7d3e8655]" started-at="2023-07-27T14:25:39 GMT-04:00" name="runScenario" description="Runs Cucumber Scenarios" data-provider="scenarios" finished-at="2023-07-27T14:25:39 GMT-04:00" duration-ms="226" status="FAIL">
          <params>
            <param index="0">
              <value>
                <![CDATA["validating User able to retrieve AssignmentSubmission by BatchID with valid endpoint"]]>
              </value>
            </param>
            <param index="1">
              <value>
                <![CDATA["Test LMS Apis batch module with rest assured library and cucumber framework"]]>
              </value>
            </param>
          </params>
          <exception class="java.lang.AssertionError">
            <message>
              <![CDATA[expected [404] but found [200]]]>
            </message>
            <full-stacktrace>
              <![CDATA[java.lang.AssertionError: expected [404] but found [200]
at org.testng.Assert.fail(Assert.java:110)
at org.testng.Assert.failNotEquals(Assert.java:1577)
at org.testng.Assert.assertEqualsImpl(Assert.java:149)
at org.testng.Assert.assertEquals(Assert.java:131)
at org.testng.Assert.assertEquals(Assert.java:1418)
at org.testng.Assert.assertEquals(Assert.java:1448)
at stepDefinition.FAssignmentSubmission_SD.user_receives_created_status_with_response_body(FAssignmentSubmission_SD.java:140)
at ✽.User receives 404 Created Status with response body for assignmentSubmission(file:///C:/Users/Viru/Desktop/JavaPrograms/RestAssureApi/src/test/resources/featureFiles/05LMS_AssignmentSubmission.feature:88)
]]>
            </full-stacktrace>
          </exception> <!-- java.lang.AssertionError -->
          <reporter-output>
          </reporter-output>
        </test-method> <!-- runScenario -->
        <test-method signature="runScenario(io.cucumber.testng.PickleWrapper,io.cucumber.testng.FeatureWrapper)[pri:0, instance:TestRunner.runner@7d3e8655]" started-at="2023-07-27T14:25:39 GMT-04:00" name="runScenario" description="Runs Cucumber Scenarios" data-provider="scenarios" finished-at="2023-07-27T14:25:39 GMT-04:00" duration-ms="352" status="PASS">
          <params>
            <param index="0">
              <value>
                <![CDATA["validating User able to retrieve AssignmentSubmission byID with valid endpoint"]]>
              </value>
            </param>
            <param index="1">
              <value>
                <![CDATA["Test LMS Apis batch module with rest assured library and cucumber framework"]]>
              </value>
            </param>
          </params>
          <reporter-output>
          </reporter-output>
        </test-method> <!-- runScenario -->
        <test-method signature="runScenario(io.cucumber.testng.PickleWrapper,io.cucumber.testng.FeatureWrapper)[pri:0, instance:TestRunner.runner@7d3e8655]" started-at="2023-07-27T14:25:39 GMT-04:00" name="runScenario" description="Runs Cucumber Scenarios" data-provider="scenarios" finished-at="2023-07-27T14:25:39 GMT-04:00" duration-ms="301" status="PASS">
          <params>
            <param index="0">
              <value>
                <![CDATA["validating User able to retrieve AssignmentSubmission by GradeStudentID with valid endpoint"]]>
              </value>
            </param>
            <param index="1">
              <value>
                <![CDATA["Test LMS Apis batch module with rest assured library and cucumber framework"]]>
              </value>
            </param>
          </params>
          <reporter-output>
          </reporter-output>
        </test-method> <!-- runScenario -->
        <test-method signature="runScenario(io.cucumber.testng.PickleWrapper,io.cucumber.testng.FeatureWrapper)[pri:0, instance:TestRunner.runner@7d3e8655]" started-at="2023-07-27T14:25:39 GMT-04:00" name="runScenario" description="Runs Cucumber Scenarios" data-provider="scenarios" finished-at="2023-07-27T14:25:40 GMT-04:00" duration-ms="238" status="PASS">
          <params>
            <param index="0">
              <value>
                <![CDATA["validating User able to retrieve AssignmentSubmission by GradeBatchID with valid endpoint"]]>
              </value>
            </param>
            <param index="1">
              <value>
                <![CDATA["Test LMS Apis batch module with rest assured library and cucumber framework"]]>
              </value>
            </param>
          </params>
          <reporter-output>
          </reporter-output>
        </test-method> <!-- runScenario -->
        <test-method signature="runScenario(io.cucumber.testng.PickleWrapper,io.cucumber.testng.FeatureWrapper)[pri:0, instance:TestRunner.runner@7d3e8655]" started-at="2023-07-27T14:25:40 GMT-04:00" name="runScenario" description="Runs Cucumber Scenarios" data-provider="scenarios" finished-at="2023-07-27T14:25:40 GMT-04:00" duration-ms="380" status="PASS">
          <params>
            <param index="0">
              <value>
                <![CDATA[""]]>
              </value>
            </param>
            <param index="1">
              <value>
                <![CDATA["Test LMS Apis batch module with rest assured library and cucumber framework"]]>
              </value>
            </param>
          </params>
          <reporter-output>
          </reporter-output>
        </test-method> <!-- runScenario -->
        <test-method signature="runScenario(io.cucumber.testng.PickleWrapper,io.cucumber.testng.FeatureWrapper)[pri:0, instance:TestRunner.runner@7d3e8655]" started-at="2023-07-27T14:25:40 GMT-04:00" name="runScenario" description="Runs Cucumber Scenarios" data-provider="scenarios" finished-at="2023-07-27T14:25:41 GMT-04:00" duration-ms="485" status="PASS">
          <params>
            <param index="0">
              <value>
                <![CDATA[""]]>
              </value>
            </param>
            <param index="1">
              <value>
                <![CDATA["Test LMS Apis batch module with rest assured library and cucumber framework"]]>
              </value>
            </param>
          </params>
          <reporter-output>
          </reporter-output>
        </test-method> <!-- runScenario -->
        <test-method signature="runScenario(io.cucumber.testng.PickleWrapper,io.cucumber.testng.FeatureWrapper)[pri:0, instance:TestRunner.runner@7d3e8655]" started-at="2023-07-27T14:25:41 GMT-04:00" name="runScenario" description="Runs Cucumber Scenarios" data-provider="scenarios" finished-at="2023-07-27T14:25:42 GMT-04:00" duration-ms="1812" status="PASS">
          <params>
            <param index="0">
              <value>
                <![CDATA[""]]>
              </value>
            </param>
            <param index="1">
              <value>
                <![CDATA["Test LMS Apis batch module with rest assured library and cucumber framework"]]>
              </value>
            </param>
          </params>
          <reporter-output>
          </reporter-output>
        </test-method> <!-- runScenario -->
        <test-method signature="runScenario(io.cucumber.testng.PickleWrapper,io.cucumber.testng.FeatureWrapper)[pri:0, instance:TestRunner.runner@7d3e8655]" started-at="2023-07-27T14:25:42 GMT-04:00" name="runScenario" description="Runs Cucumber Scenarios" data-provider="scenarios" finished-at="2023-07-27T14:25:43 GMT-04:00" duration-ms="405" status="PASS">
          <params>
            <param index="0">
              <value>
                <![CDATA[""]]>
              </value>
            </param>
            <param index="1">
              <value>
                <![CDATA["Test LMS Apis batch module with rest assured library and cucumber framework"]]>
              </value>
            </param>
          </params>
          <reporter-output>
          </reporter-output>
        </test-method> <!-- runScenario -->
        <test-method signature="runScenario(io.cucumber.testng.PickleWrapper,io.cucumber.testng.FeatureWrapper)[pri:0, instance:TestRunner.runner@7d3e8655]" started-at="2023-07-27T14:25:43 GMT-04:00" name="runScenario" description="Runs Cucumber Scenarios" data-provider="scenarios" finished-at="2023-07-27T14:25:43 GMT-04:00" duration-ms="274" status="FAIL">
          <params>
            <param index="0">
              <value>
                <![CDATA["Grade Assignment"]]>
              </value>
            </param>
            <param index="1">
              <value>
                <![CDATA["Test LMS Apis batch module with rest assured library and cucumber framework"]]>
              </value>
            </param>
          </params>
          <exception class="java.lang.AssertionError">
            <message>
              <![CDATA[expected [400] but found [200]]]>
            </message>
            <full-stacktrace>
              <![CDATA[java.lang.AssertionError: expected [400] but found [200]
at org.testng.Assert.fail(Assert.java:110)
at org.testng.Assert.failNotEquals(Assert.java:1577)
at org.testng.Assert.assertEqualsImpl(Assert.java:149)
at org.testng.Assert.assertEquals(Assert.java:131)
at org.testng.Assert.assertEquals(Assert.java:1418)
at org.testng.Assert.assertEquals(Assert.java:1448)
at stepDefinition.FAssignmentSubmission_SD.user_receives_created_status_with_response_body(FAssignmentSubmission_SD.java:140)
at ✽.User receives 400 Created Status with response body for assignmentSubmission(file:///C:/Users/Viru/Desktop/JavaPrograms/RestAssureApi/src/test/resources/featureFiles/05LMS_AssignmentSubmission.feature:163)
]]>
            </full-stacktrace>
          </exception> <!-- java.lang.AssertionError -->
          <reporter-output>
          </reporter-output>
        </test-method> <!-- runScenario -->
        <test-method signature="runScenario(io.cucumber.testng.PickleWrapper,io.cucumber.testng.FeatureWrapper)[pri:0, instance:TestRunner.runner@7d3e8655]" started-at="2023-07-27T14:25:43 GMT-04:00" name="runScenario" description="Runs Cucumber Scenarios" data-provider="scenarios" finished-at="2023-07-27T14:25:43 GMT-04:00" duration-ms="333" status="PASS">
          <params>
            <param index="0">
              <value>
                <![CDATA["Grade Assignment"]]>
              </value>
            </param>
            <param index="1">
              <value>
                <![CDATA["Test LMS Apis batch module with rest assured library and cucumber framework"]]>
              </value>
            </param>
          </params>
          <reporter-output>
          </reporter-output>
        </test-method> <!-- runScenario -->
        <test-method signature="runScenario(io.cucumber.testng.PickleWrapper,io.cucumber.testng.FeatureWrapper)[pri:0, instance:TestRunner.runner@7d3e8655]" started-at="2023-07-27T14:25:43 GMT-04:00" name="runScenario" description="Runs Cucumber Scenarios" data-provider="scenarios" finished-at="2023-07-27T14:25:44 GMT-04:00" duration-ms="233" status="PASS">
          <params>
            <param index="0">
              <value>
                <![CDATA["Check if user able to delete a user with valid assignmentsubmission ID"]]>
              </value>
            </param>
            <param index="1">
              <value>
                <![CDATA["Delete ID's"]]>
              </value>
            </param>
          </params>
          <reporter-output>
          </reporter-output>
        </test-method> <!-- runScenario -->
        <test-method signature="runScenario(io.cucumber.testng.PickleWrapper,io.cucumber.testng.FeatureWrapper)[pri:0, instance:TestRunner.runner@7d3e8655]" started-at="2023-07-27T14:25:44 GMT-04:00" name="runScenario" description="Runs Cucumber Scenarios" data-provider="scenarios" finished-at="2023-07-27T14:25:44 GMT-04:00" duration-ms="259" status="PASS">
          <params>
            <param index="0">
              <value>
                <![CDATA["Check if user able to delete a user with valid assignment ID"]]>
              </value>
            </param>
            <param index="1">
              <value>
                <![CDATA["Delete ID's"]]>
              </value>
            </param>
          </params>
          <reporter-output>
          </reporter-output>
        </test-method> <!-- runScenario -->
        <test-method signature="runScenario(io.cucumber.testng.PickleWrapper,io.cucumber.testng.FeatureWrapper)[pri:0, instance:TestRunner.runner@7d3e8655]" started-at="2023-07-27T14:25:44 GMT-04:00" name="runScenario" description="Runs Cucumber Scenarios" data-provider="scenarios" finished-at="2023-07-27T14:25:45 GMT-04:00" duration-ms="764" status="PASS">
          <params>
            <param index="0">
              <value>
                <![CDATA["Check if user able to delete a user with valid user ID"]]>
              </value>
            </param>
            <param index="1">
              <value>
                <![CDATA["Delete ID's"]]>
              </value>
            </param>
          </params>
          <reporter-output>
          </reporter-output>
        </test-method> <!-- runScenario -->
        <test-method signature="runScenario(io.cucumber.testng.PickleWrapper,io.cucumber.testng.FeatureWrapper)[pri:0, instance:TestRunner.runner@7d3e8655]" started-at="2023-07-27T14:25:45 GMT-04:00" name="runScenario" description="Runs Cucumber Scenarios" data-provider="scenarios" finished-at="2023-07-27T14:25:45 GMT-04:00" duration-ms="240" status="PASS">
          <params>
            <param index="0">
              <value>
                <![CDATA["Check if user able to delete a program with valid batch ID"]]>
              </value>
            </param>
            <param index="1">
              <value>
                <![CDATA["Delete ID's"]]>
              </value>
            </param>
          </params>
          <reporter-output>
          </reporter-output>
        </test-method> <!-- runScenario -->
        <test-method signature="runScenario(io.cucumber.testng.PickleWrapper,io.cucumber.testng.FeatureWrapper)[pri:0, instance:TestRunner.runner@7d3e8655]" started-at="2023-07-27T14:25:45 GMT-04:00" name="runScenario" description="Runs Cucumber Scenarios" data-provider="scenarios" finished-at="2023-07-27T14:25:45 GMT-04:00" duration-ms="189" status="PASS">
          <params>
            <param index="0">
              <value>
                <![CDATA["Check if user able to delete a program with valid program ID"]]>
              </value>
            </param>
            <param index="1">
              <value>
                <![CDATA["Delete ID's"]]>
              </value>
            </param>
          </params>
          <reporter-output>
          </reporter-output>
        </test-method> <!-- runScenario -->
        <test-method signature="runScenario(io.cucumber.testng.PickleWrapper,io.cucumber.testng.FeatureWrapper)[pri:0, instance:TestRunner.runner@7d3e8655]" started-at="2023-07-27T14:25:45 GMT-04:00" name="runScenario" description="Runs Cucumber Scenarios" data-provider="scenarios" finished-at="2023-07-27T14:25:45 GMT-04:00" duration-ms="216" status="PASS">
          <params>
            <param index="0">
              <value>
                <![CDATA["Check if user able to delete a user with valid assignmentsubmission ID"]]>
              </value>
            </param>
            <param index="1">
              <value>
                <![CDATA["Delete ID's"]]>
              </value>
            </param>
          </params>
          <reporter-output>
          </reporter-output>
        </test-method> <!-- runScenario -->
        <test-method signature="runScenario(io.cucumber.testng.PickleWrapper,io.cucumber.testng.FeatureWrapper)[pri:0, instance:TestRunner.runner@7d3e8655]" started-at="2023-07-27T14:25:45 GMT-04:00" name="runScenario" description="Runs Cucumber Scenarios" data-provider="scenarios" finished-at="2023-07-27T14:25:46 GMT-04:00" duration-ms="255" status="PASS">
          <params>
            <param index="0">
              <value>
                <![CDATA["Check if user able to delete a user with valid assignment ID"]]>
              </value>
            </param>
            <param index="1">
              <value>
                <![CDATA["Delete ID's"]]>
              </value>
            </param>
          </params>
          <reporter-output>
          </reporter-output>
        </test-method> <!-- runScenario -->
        <test-method signature="runScenario(io.cucumber.testng.PickleWrapper,io.cucumber.testng.FeatureWrapper)[pri:0, instance:TestRunner.runner@7d3e8655]" started-at="2023-07-27T14:25:46 GMT-04:00" name="runScenario" description="Runs Cucumber Scenarios" data-provider="scenarios" finished-at="2023-07-27T14:25:46 GMT-04:00" duration-ms="587" status="PASS">
          <params>
            <param index="0">
              <value>
                <![CDATA["Check if user able to delete a user with valid user ID"]]>
              </value>
            </param>
            <param index="1">
              <value>
                <![CDATA["Delete ID's"]]>
              </value>
            </param>
          </params>
          <reporter-output>
          </reporter-output>
        </test-method> <!-- runScenario -->
        <test-method signature="runScenario(io.cucumber.testng.PickleWrapper,io.cucumber.testng.FeatureWrapper)[pri:0, instance:TestRunner.runner@7d3e8655]" started-at="2023-07-27T14:25:46 GMT-04:00" name="runScenario" description="Runs Cucumber Scenarios" data-provider="scenarios" finished-at="2023-07-27T14:25:46 GMT-04:00" duration-ms="202" status="PASS">
          <params>
            <param index="0">
              <value>
                <![CDATA["Check if user able to delete a program with valid batch ID"]]>
              </value>
            </param>
            <param index="1">
              <value>
                <![CDATA["Delete ID's"]]>
              </value>
            </param>
          </params>
          <reporter-output>
          </reporter-output>
        </test-method> <!-- runScenario -->
        <test-method signature="runScenario(io.cucumber.testng.PickleWrapper,io.cucumber.testng.FeatureWrapper)[pri:0, instance:TestRunner.runner@7d3e8655]" started-at="2023-07-27T14:25:46 GMT-04:00" name="runScenario" description="Runs Cucumber Scenarios" data-provider="scenarios" finished-at="2023-07-27T14:25:47 GMT-04:00" duration-ms="189" status="PASS">
          <params>
            <param index="0">
              <value>
                <![CDATA["Check if user able to delete a program with valid program ID"]]>
              </value>
            </param>
            <param index="1">
              <value>
                <![CDATA["Delete ID's"]]>
              </value>
            </param>
          </params>
          <reporter-output>
          </reporter-output>
        </test-method> <!-- runScenario -->
        <test-method is-config="true" signature="tearDownClass()[pri:0, instance:TestRunner.runner@7d3e8655]" started-at="2023-07-27T14:25:47 GMT-04:00" name="tearDownClass" finished-at="2023-07-27T14:25:51 GMT-04:00" duration-ms="4654" status="PASS">
          <reporter-output>
          </reporter-output>
        </test-method> <!-- tearDownClass -->
      </class> <!-- TestRunner.runner -->
    </test> <!-- Default test -->
  </suite> <!-- Default suite -->
</testng-results>
